2020-04-01 00:08:54,pavel
2020-04-01 01:04:56,pavel
2020-04-01 01:24:15,anastasia
2020-04-01 04:00:03,valentina
2020-04-01 10:21:42,valentina
2020-04-01 12:07:05,maxim
2020-04-01 14:30:26,maxim
2020-04-01 15:00:03,artem
2020-04-01 16:50:02,maxim
2020-04-01 19:06:21,ekaterina
2020-04-01 23:17:11,anastasia
2020-04-02 03:51:09,artem
2020-04-02 08:32:47,anastasia
2020-04-02 10:08:35,valentina
2020-04-02 10:19:42,artem
2020-04-02 11:50:11,artem
2020-04-02 15:41:20,valentina
2020-04-02 16:36:07,pavel
2020-04-02 18:22:02,ekaterina
2020-04-02 23:36:56,oksana
2020-04-03 03:53:48,ekaterina
2020-04-03 06:56:21,artem
2020-04-03 07:19:05,valentina
2020-04-03 07:41:19,valentina
2020-04-03 16:10:15,artem
2020-04-03 18:33:01,pavel
2020-04-03 21:00:03,ekaterina
2020-04-04 00:11:12,valentina
2020-04-04 00:59:33,anastasia
2020-04-04 01:16:15,pavel
2020-04-04 05:41:35,anastasia
2020-04-04 12:52:44,ekaterina
2020-04-04 13:03:54,pavel
2020-04-04 14:07:59,valentina
2020-04-04 21:32:58,anastasia
2020-04-04 22:46:59,pavel
2020-04-05 03:36:18,oksana
2020-04-05 06:46:55,valentina
2020-04-05 12:01:25,maxim
2020-04-05 21:18:40,artem
2020-04-06 02:26:32,oksana
2020-04-06 02:37:50,anastasia
2020-04-06 06:01:48,ekaterina
2020-04-06 07:03:45,valentina
2020-04-06 08:13:16,maxim
2020-04-06 09:35:04,artem
2020-04-06 10:21:32,oksana
2020-04-06 10:32:07,ekaterina
2020-04-06 10:59:22,anastasia
2020-04-06 11:24:14,valentina
2020-04-06 14:08:37,pavel
2020-04-06 15:44:37,pavel
2020-04-06 17:11:49,maxim
2020-04-06 18:21:33,artem
2020-04-06 18:37:03,pavel
2020-04-07 11:46:19,valentina
2020-04-07 19:26:47,pavel
2020-04-07 19:29:17,anastasia
2020-04-08 02:37:26,valentina
2020-04-08 08:43:02,maxim
2020-04-08 12:26:23,artem
2020-04-08 21:41:43,anastasia
2020-04-08 23:25:16,maxim
2020-04-08 23:33:04,valentina
2020-04-08 23:41:16,ekaterina
2020-04-09 06:49:07,ekaterina
2020-04-09 08:30:16,pavel
2020-04-09 09:20:50,ekaterina
2020-04-09 11:52:54,pavel
2020-04-09 17:30:24,ekaterina
2020-04-09 23:20:04,pavel
2020-04-09 23:57:36,artem
2020-04-10 02:03:59,anastasia
2020-04-10 07:13:36,anastasia
2020-04-10 10:05:08,pavel
2020-04-10 13:42:50,ekaterina
2020-04-10 13:47:18,anastasia
2020-04-10 15:03:48,pavel
2020-04-10 15:14:36,ekaterina
2020-04-10 16:08:16,oksana
2020-04-10 23:16:52,ekaterina
2020-04-10 23:52:56,maxim
2020-04-11 02:40:17,maxim
2020-04-11 05:48:31,maxim
2020-04-11 06:38:31,ekaterina
2020-04-11 10:11:08,valentina
2020-04-11 12:15:33,pavel
2020-04-11 13:00:19,anastasia
2020-04-11 19:41:12,maxim
2020-04-11 20:05:46,oksana
2020-04-11 21:21:02,ekaterina
2020-04-11 22:03:24,pavel
2020-04-12 06:47:58,maxim
2020-04-12 07:47:16,valentina
2020-04-12 08:11:12,anastasia
2020-04-12 09:44:01,oksana
2020-04-12 19:05:26,artem
2020-04-12 19:51:48,pavel
2020-04-12 23:52:57,oksana
2020-04-13 00:49:43,ekaterina
2020-04-13 02:41:01,artem
2020-04-13 02:41:57,pavel
2020-04-13 06:58:28,maxim
2020-04-13 10:39:56,artem
2020-04-13 15:00:23,anastasia
2020-04-13 21:49:53,oksana
2020-04-13 22:36:22,ekaterina
2020-04-13 23:47:45,ekaterina
2020-04-14 04:09:41,oksana
2020-04-14 08:48:06,maxim
2020-04-14 09:36:13,valentina
2020-04-14 11:11:35,anastasia
2020-04-14 17:32:48,pavel
2020-04-15 01:13:53,maxim
2020-04-15 03:06:57,pavel
2020-04-15 03:09:24,pavel
2020-04-15 04:16:35,ekaterina
2020-04-15 08:01:41,maxim
2020-04-15 08:09:45,ekaterina
2020-04-15 08:42:57,valentina
2020-04-15 12:47:36,valentina
2020-04-15 15:50:18,ekaterina
2020-04-15 19:08:16,valentina
2020-04-15 22:47:18,artem
2020-04-15 23:59:41,artem
2020-04-16 01:20:18,anastasia
2020-04-16 06:23:00,anastasia
2020-04-16 06:48:42,anastasia
2020-04-16 08:21:43,anastasia
2020-04-16 08:25:37,artem
2020-04-16 11:24:33,pavel
2020-04-16 12:10:09,maxim
2020-04-16 15:50:04,valentina
2020-04-16 20:11:38,anastasia
2020-04-16 20:42:32,pavel
2020-04-17 01:27:54,valentina
2020-04-17 06:34:21,pavel
2020-04-17 08:53:14,pavel
2020-04-17 09:05:01,anastasia
2020-04-17 13:51:38,artem
2020-04-17 15:07:44,ekaterina
2020-04-17 17:29:52,ekaterina
2020-04-17 18:02:10,oksana
2020-04-17 20:14:34,oksana
2020-04-18 06:42:00,pavel
2020-04-18 06:55:04,oksana
2020-04-18 08:03:31,oksana
2020-04-18 11:47:08,pavel
2020-04-18 13:11:45,valentina
2020-04-18 14:29:11,ekaterina
2020-04-18 15:31:32,pavel
2020-04-18 15:35:38,valentina
2020-04-19 10:56:58,artem
2020-04-19 17:16:02,maxim
2020-04-19 21:08:21,valentina
2020-04-19 23:16:23,maxim
2020-04-20 03:40:11,oksana
2020-04-20 06:21:47,artem
2020-04-20 12:06:33,maxim
2020-04-20 15:58:02,anastasia
2020-04-20 17:43:41,maxim
2020-04-20 19:14:26,maxim
2020-04-21 01:53:04,ekaterina
2020-04-21 03:58:54,ekaterina
2020-04-21 15:17:49,artem
2020-04-21 19:32:20,oksana
2020-04-21 19:56:52,oksana
2020-04-22 02:42:40,maxim
2020-04-22 07:50:07,oksana
2020-04-22 13:48:01,valentina
2020-04-23 00:36:35,pavel
2020-04-23 01:24:38,anastasia
2020-04-23 03:16:20,anastasia
2020-04-23 03:32:48,artem
2020-04-23 10:17:38,artem
2020-04-23 13:19:19,oksana
2020-04-23 15:26:20,artem
2020-04-23 16:53:47,valentina
2020-04-23 20:06:38,artem
2020-04-23 23:40:03,oksana
2020-04-24 02:12:14,pavel
2020-04-24 05:35:31,pavel
2020-04-24 07:04:08,maxim
2020-04-24 07:11:01,ekaterina
2020-04-24 08:05:47,valentina
2020-04-24 09:58:46,ekaterina
2020-04-24 12:29:48,pavel
2020-04-24 13:22:20,ekaterina
2020-04-24 16:07:23,oksana
2020-04-24 16:53:46,ekaterina
2020-04-24 17:11:55,maxim
2020-04-24 17:13:17,oksana
2020-04-24 19:44:33,valentina
2020-04-24 22:17:05,oksana
2020-04-24 23:24:23,maxim
2020-04-25 01:25:26,ekaterina
2020-04-25 01:36:23,maxim
2020-04-25 09:18:45,pavel
2020-04-25 17:34:08,pavel
2020-04-25 19:22:06,anastasia
2020-04-25 22:14:20,pavel
2020-04-26 01:34:26,pavel
2020-04-26 07:11:55,maxim
2020-04-26 10:34:15,ekaterina
2020-04-26 11:51:41,maxim
2020-04-26 15:56:22,artem
2020-04-26 17:25:13,valentina
2020-04-26 20:19:43,ekaterina
2020-04-26 20:57:22,valentina
2020-04-26 22:17:30,ekaterina
2020-04-26 22:50:30,valentina
2020-04-27 00:20:15,ekaterina
2020-04-27 03:55:08,ekaterina
2020-04-27 04:03:02,valentina
2020-04-27 04:28:12,pavel
2020-04-27 09:19:34,oksana
2020-04-27 09:47:13,maxim
2020-04-27 11:53:50,anastasia
2020-04-27 14:16:00,artem
2020-04-27 23:20:52,artem
2020-04-28 00:06:09,anastasia
2020-04-28 06:28:42,anastasia
2020-04-28 13:45:48,anastasia
2020-04-28 14:28:30,oksana
2020-04-28 15:11:24,oksana
2020-04-28 16:50:26,anastasia
2020-04-28 18:24:30,oksana
2020-04-28 22:07:37,anastasia
2020-04-29 00:33:19,artem
2020-04-29 06:59:51,oksana
2020-04-29 18:24:00,valentina
2020-04-29 18:50:19,artem
2020-04-29 19:45:03,maxim
2020-04-29 20:46:00,pavel
2020-04-30 03:30:49,ekaterina
2020-04-30 07:56:56,oksana
2020-04-30 10:36:31,pavel
2020-04-30 13:25:20,artem
2020-04-30 16:22:03,ekaterina
2020-04-30 17:08:14,oksana
2020-05-01 02:08:49,oksana
2020-05-01 03:37:05,ekaterina
2020-05-01 05:53:36,maxim
2020-05-01 11:29:56,ekaterina
2020-05-01 13:24:27,ekaterina
2020-05-01 18:44:57,anastasia
2020-05-01 22:18:02,maxim
2020-05-02 01:23:29,anastasia
2020-05-02 02:23:48,anastasia
2020-05-02 08:17:45,valentina
2020-05-02 14:11:26,maxim
2020-05-02 15:41:05,maxim
2020-05-02 16:38:35,oksana
2020-05-02 18:48:23,ekaterina
2020-05-02 19:30:25,pavel
2020-05-02 22:26:43,ekaterina
2020-05-03 01:47:12,valentina
2020-05-03 12:39:02,oksana
2020-05-03 17:14:24,artem
2020-05-04 05:57:27,pavel
2020-05-04 06:02:23,anastasia
2020-05-04 06:30:27,oksana
2020-05-04 11:10:04,anastasia
2020-05-04 11:24:53,artem
2020-05-04 13:06:47,ekaterina
2020-05-04 17:25:58,oksana
2020-05-04 21:45:32,anastasia
2020-05-04 22:26:01,oksana
2020-05-04 23:00:13,anastasia
2020-05-04 23:30:53,valentina
2020-05-05 02:49:23,ekaterina
2020-05-05 06:43:30,maxim
2020-05-05 11:10:16,maxim
2020-05-05 17:12:07,pavel
2020-05-05 18:30:52,pavel
2020-05-05 18:32:39,maxim
2020-05-05 21:58:29,valentina
2020-05-06 02:30:55,anastasia
2020-05-06 03:51:11,maxim
2020-05-06 05:13:34,ekaterina
2020-05-06 07:17:09,anastasia
2020-05-06 09:49:16,pavel
2020-05-06 16:45:01,oksana
2020-05-06 16:57:05,valentina
2020-05-06 17:05:06,maxim
2020-05-06 18:34:26,artem
2020-05-06 18:52:05,pavel
2020-05-06 21:18:24,oksana
2020-05-06 23:48:00,maxim
2020-05-07 00:41:37,anastasia
2020-05-07 02:04:32,pavel
2020-05-07 09:52:12,ekaterina
2020-05-07 12:21:51,anastasia
2020-05-07 12:58:30,valentina
2020-05-07 13:23:39,anastasia
2020-05-07 14:35:08,oksana
2020-05-07 15:21:09,artem
2020-05-07 19:12:05,anastasia
2020-05-07 19:45:16,artem
2020-05-08 02:24:35,valentina
2020-05-08 04:36:38,maxim
2020-05-08 06:51:52,anastasia
2020-05-08 08:00:11,pavel
2020-05-08 09:34:40,oksana
2020-05-08 09:40:07,pavel
2020-05-08 15:59:07,maxim
2020-05-08 18:04:30,maxim
2020-05-08 19:05:42,artem
2020-05-08 20:16:01,ekaterina
2020-05-09 00:05:29,oksana
2020-05-09 05:13:34,maxim
2020-05-09 14:07:46,oksana
2020-05-09 14:28:42,ekaterina
2020-05-09 14:30:14,ekaterina
2020-05-09 14:55:02,ekaterina
2020-05-09 16:00:59,maxim
2020-05-09 20:11:38,artem
2020-05-09 20:38:04,valentina
2020-05-09 23:49:20,artem
2020-05-10 01:18:23,ekaterina
2020-05-10 01:58:47,oksana
2020-05-10 07:43:16,anastasia
2020-05-10 09:12:07,oksana
2020-05-10 10:38:35,valentina
2020-05-10 13:06:33,pavel
2020-05-10 21:19:15,anastasia
2020-05-11 01:34:21,anastasia
2020-05-11 04:43:33,maxim
2020-05-11 08:06:03,ekaterina
2020-05-11 09:16:43,artem
2020-05-11 12:59:15,valentina
2020-05-11 14:57:11,valentina
2020-05-11 20:40:20,artem
2020-05-12 02:15:51,valentina
2020-05-12 03:16:28,artem
2020-05-12 04:06:36,anastasia
2020-05-12 08:51:25,pavel
2020-05-12 09:35:32,oksana
2020-05-12 14:35:33,anastasia
2020-05-12 16:32:20,maxim
2020-05-12 18:47:43,maxim
2020-05-12 20:44:48,ekaterina
2020-05-12 21:33:18,oksana
2020-05-12 22:54:50,anastasia
2020-05-13 00:35:51,ekaterina
2020-05-13 03:41:14,artem
2020-05-13 07:58:35,anastasia
2020-05-13 10:28:11,anastasia
2020-05-13 14:02:56,artem
2020-05-13 17:50:19,pavel
2020-05-13 18:29:57,anastasia
2020-05-13 19:10:05,valentina
2020-05-13 21:04:58,anastasia
2020-05-14 02:05:58,pavel
2020-05-14 06:42:57,pavel
2020-05-14 06:46:02,pavel
2020-05-14 08:22:10,valentina
2020-05-14 09:14:42,artem
2020-05-14 10:37:43,valentina
2020-05-14 19:26:15,ekaterina
2020-05-14 20:13:01,artem
2020-05-15 00:23:50,artem
2020-05-15 06:17:35,artem
2020-05-15 07:54:08,anastasia
2020-05-15 08:44:24,oksana
2020-05-15 14:11:35,maxim
2020-05-16 00:14:24,pavel
2020-05-16 01:44:06,oksana
2020-05-16 06:03:35,pavel
2020-05-16 09:20:46,valentina
2020-05-16 11:58:24,anastasia
2020-05-16 22:18:46,valentina
2020-05-17 03:01:06,artem
2020-05-17 03:51:56,artem
2020-05-17 11:39:56,valentina
2020-05-17 13:29:02,valentina
2020-05-18 00:19:07,oksana
2020-05-18 01:01:49,pavel
2020-05-18 01:38:21,artem
2020-05-18 03:05:15,oksana
2020-05-18 04:32:11,oksana
2020-05-18 04:52:04,valentina
2020-05-18 12:48:44,oksana
2020-05-18 14:18:24,anastasia
2020-05-18 17:17:19,ekaterina
2020-05-18 22:17:11,pavel
2020-05-18 23:40:21,artem
2020-05-19 00:12:49,artem
2020-05-19 00:28:30,pavel
2020-05-19 01:15:09,pavel
2020-05-19 01:26:36,ekaterina
2020-05-19 07:17:12,valentina
2020-05-19 08:04:20,anastasia
2020-05-19 10:21:23,maxim
2020-05-19 12:08:54,maxim
2020-05-19 16:42:34,ekaterina
2020-05-19 17:30:07,valentina
2020-05-19 20:57:28,artem
2020-05-19 22:09:42,valentina
2020-05-20 02:14:44,pavel
2020-05-20 03:39:42,valentina
2020-05-20 08:06:14,ekaterina
2020-05-20 08:26:08,pavel
2020-05-20 10:14:06,maxim
2020-05-20 14:35:56,valentina
2020-05-20 15:32:37,pavel
2020-05-20 21:45:51,ekaterina
2020-05-20 22:38:22,artem
2020-05-21 00:20:07,anastasia
2020-05-21 02:12:47,artem
2020-05-21 05:29:39,maxim
2020-05-21 06:14:09,ekaterina
2020-05-21 09:10:30,pavel
2020-05-21 13:27:28,valentina
2020-05-21 19:11:09,oksana
2020-05-21 20:03:39,pavel
2020-05-22 08:45:37,valentina
2020-05-22 10:16:57,anastasia
2020-05-22 11:04:59,valentina
2020-05-22 15:27:13,oksana
2020-05-22 23:58:33,maxim
2020-05-23 00:04:34,maxim
2020-05-23 03:11:15,ekaterina
2020-05-23 05:23:57,pavel
2020-05-23 07:01:26,ekaterina
2020-05-23 08:44:34,pavel
2020-05-23 13:00:21,artem
2020-05-23 15:00:23,oksana
2020-05-23 15:48:55,valentina
2020-05-23 18:38:13,valentina
2020-05-23 22:39:50,maxim
2020-05-24 00:06:04,artem
2020-05-24 00:14:34,ekaterina
2020-05-24 04:59:29,maxim
2020-05-24 09:53:01,oksana
2020-05-24 11:54:51,maxim
2020-05-24 12:12:15,anastasia
2020-05-24 15:02:00,anastasia
2020-05-24 16:47:37,pavel
2020-05-24 17:33:58,ekaterina
2020-05-24 21:32:55,anastasia
2020-05-25 00:33:47,artem
2020-05-25 01:14:36,anastasia
2020-05-25 02:36:48,ekaterina
2020-05-25 05:37:58,valentina
2020-05-25 05:41:12,artem
2020-05-25 06:59:23,valentina
2020-05-25 08:43:49,maxim
2020-05-25 08:51:15,anastasia
2020-05-25 10:19:27,maxim
2020-05-25 12:18:44,pavel
2020-05-25 13:40:31,valentina
2020-05-25 14:55:49,anastasia
2020-05-25 16:36:46,artem
2020-05-25 19:21:34,maxim
2020-05-25 19:50:32,oksana
2020-05-25 21:25:45,pavel
2020-05-25 21:30:52,valentina
2020-05-25 21:38:54,ekaterina
2020-05-26 00:46:05,ekaterina
2020-05-26 05:56:03,artem
2020-05-26 07:44:49,pavel
2020-05-26 12:14:24,anastasia
2020-05-26 15:13:28,valentina
2020-05-26 19:07:54,ekaterina
2020-05-26 22:47:15,valentina
2020-05-26 23:47:53,maxim
2020-05-27 01:21:41,anastasia
2020-05-27 02:14:27,anastasia
2020-05-27 04:08:55,artem
2020-05-27 04:20:20,oksana
2020-05-27 09:10:44,ekaterina
2020-05-27 11:20:05,pavel
2020-05-27 16:49:57,artem
2020-05-27 19:11:35,ekaterina
2020-05-27 19:44:53,maxim
2020-05-27 19:48:10,valentina
2020-05-28 01:00:05,valentina
2020-05-28 02:42:56,maxim
2020-05-28 04:54:08,pavel
2020-05-28 16:24:33,pavel
2020-05-29 01:17:32,valentina
2020-05-29 02:14:13,ekaterina
2020-05-29 06:10:57,maxim
2020-05-29 10:29:42,anastasia
2020-05-29 10:41:58,oksana
2020-05-29 12:42:12,ekaterina
2020-05-29 15:12:52,valentina
2020-05-29 22:05:55,ekaterina
2020-05-29 22:23:06,artem
2020-05-30 04:24:06,valentina
2020-05-30 07:21:31,artem
2020-05-30 08:31:12,maxim
2020-05-30 09:47:01,anastasia
2020-05-30 14:34:51,pavel
2020-05-30 14:35:39,ekaterina
2020-05-30 18:07:55,valentina
2020-05-30 21:01:32,pavel
2020-05-30 21:36:22,oksana
2020-05-30 22:47:08,valentina
